android/build/intermediates/manifest_merge_blame_file/release/manifest-merger-blame-release-report.txt
1<?xml version="1.0" encoding="utf-8"?>
2<manifest xmlns:android="http://schemas.android.com/apk/res/android"
3    package="com.mygdx.runai"
4    android:versionCode="4"
5    android:versionName="1.0" >
6
7    <uses-sdk
8        android:minSdkVersion="21"
8-->android\AndroidManifest.xml
9        android:targetSdkVersion="33" />
9-->android\AndroidManifest.xml
10
11    <uses-feature
11-->android\AndroidManifest.xml:6:5-78
12        android:glEsVersion="0x00020000"
12-->android\AndroidManifest.xml:6:19-51
13        android:required="true" />
13-->android\AndroidManifest.xml:6:52-75
14
15    <!-- Although the *SdkVersion is captured in gradle build files, this is required for non gradle builds -->
16    <!-- <uses-sdk android:minSdkVersion="14" /> -->
17    <uses-permission android:name="android.permission.ACCESS_NETWORK_STATE" />
17-->[com.google.firebase:firebase-firestore:24.6.1] AndroidManifest.xml:12:5-79
17-->[com.google.firebase:firebase-firestore:24.6.1] AndroidManifest.xml:12:22-76
18    <uses-permission android:name="android.permission.INTERNET" />
18-->[com.google.firebase:firebase-firestore:24.6.1] AndroidManifest.xml:13:5-67
18-->[com.google.firebase:firebase-firestore:24.6.1] AndroidManifest.xml:13:22-64
19
20    <application
20-->android\AndroidManifest.xml:8:5-28:19
21        android:allowBackup="true"
21-->android\AndroidManifest.xml:9:9-35
22        android:appCategory="game"
22-->android\AndroidManifest.xml:13:9-35
23        android:appComponentFactory="androidx.core.app.CoreComponentFactory"
23-->[androidx.core:core:1.2.0] AndroidManifest.xml:24:18-86
24        android:fullBackupContent="true"
24-->android\AndroidManifest.xml:10:9-41
25        android:icon="@drawable/ic_launcher"
25-->android\AndroidManifest.xml:11:9-45
26        android:isGame="true"
26-->android\AndroidManifest.xml:12:9-30
27        android:label="@string/app_name" >
27-->android\AndroidManifest.xml:14:9-41
28        <activity
28-->android\AndroidManifest.xml:16:9-27:20
29            android:name="com.mygdx.runai.AndroidLauncher"
29-->android\AndroidManifest.xml:17:13-59
30            android:configChanges="keyboard|keyboardHidden|navigation|orientation|screenSize|screenLayout"
30-->android\AndroidManifest.xml:20:13-107
31            android:exported="true"
31-->android\AndroidManifest.xml:21:13-36
32            android:label="@string/app_name"
32-->android\AndroidManifest.xml:18:13-45
33            android:screenOrientation="portrait" >
33-->android\AndroidManifest.xml:19:13-49
34            <intent-filter>
34-->android\AndroidManifest.xml:22:13-26:29
35                <action android:name="android.intent.action.MAIN" />
35-->android\AndroidManifest.xml:23:17-69
35-->android\AndroidManifest.xml:23:25-66
36                <action android:name="com.abk.distance.SEND_DISTANCE_DATA" />
36-->android\AndroidManifest.xml:24:17-77
36-->android\AndroidManifest.xml:24:25-75
37
38                <category android:name="android.intent.category.LAUNCHER" />
38-->android\AndroidManifest.xml:25:17-77
38-->android\AndroidManifest.xml:25:27-74
39            </intent-filter>
40        </activity>
41
42        <service
42-->[com.google.firebase:firebase-firestore:24.6.1] AndroidManifest.xml:16:9-22:19
43            android:name="com.google.firebase.components.ComponentDiscoveryService"
43-->[com.google.firebase:firebase-firestore:24.6.1] AndroidManifest.xml:17:13-84
44            android:directBootAware="true"
44-->[com.google.firebase:firebase-common:20.3.1] AndroidManifest.xml:34:13-43
45            android:exported="false" >
45-->[com.google.firebase:firebase-firestore:24.6.1] AndroidManifest.xml:18:13-37
46            <meta-data
46-->[com.google.firebase:firebase-firestore:24.6.1] AndroidManifest.xml:19:13-21:85
47                android:name="com.google.firebase.components:com.google.firebase.firestore.FirestoreRegistrar"
47-->[com.google.firebase:firebase-firestore:24.6.1] AndroidManifest.xml:20:17-111
48                android:value="com.google.firebase.components.ComponentRegistrar" />
48-->[com.google.firebase:firebase-firestore:24.6.1] AndroidManifest.xml:21:17-82
49        </service>
50
51        <provider
51-->[com.google.firebase:firebase-common:20.3.1] AndroidManifest.xml:25:9-30:39
52            android:name="com.google.firebase.provider.FirebaseInitProvider"
52-->[com.google.firebase:firebase-common:20.3.1] AndroidManifest.xml:26:13-77
53            android:authorities="com.mygdx.runai.firebaseinitprovider"
53-->[com.google.firebase:firebase-common:20.3.1] AndroidManifest.xml:27:13-72
54            android:directBootAware="true"
54-->[com.google.firebase:firebase-common:20.3.1] AndroidManifest.xml:28:13-43
55            android:exported="false"
55-->[com.google.firebase:firebase-common:20.3.1] AndroidManifest.xml:29:13-37
56            android:initOrder="100" />
56-->[com.google.firebase:firebase-common:20.3.1] AndroidManifest.xml:30:13-36
57
58        <activity
58-->[com.google.android.gms:play-services-base:18.0.1] AndroidManifest.xml:20:9-22:45
59            android:name="com.google.android.gms.common.api.GoogleApiActivity"
59-->[com.google.android.gms:play-services-base:18.0.1] AndroidManifest.xml:20:19-85
60            android:exported="false"
60-->[com.google.android.gms:play-services-base:18.0.1] AndroidManifest.xml:22:19-43
61            android:theme="@android:style/Theme.Translucent.NoTitleBar" />
61-->[com.google.android.gms:play-services-base:18.0.1] AndroidManifest.xml:21:19-78
62
63        <meta-data
63-->[com.google.android.gms:play-services-basement:18.1.0] AndroidManifest.xml:21:9-23:69
64            android:name="com.google.android.gms.version"
64-->[com.google.android.gms:play-services-basement:18.1.0] AndroidManifest.xml:22:13-58
65            android:value="@integer/google_play_services_version" />
65-->[com.google.android.gms:play-services-basement:18.1.0] AndroidManifest.xml:23:13-66
66    </application>
67
68</manifest>